<?xml version='1.0' encoding='UTF-8'?>
<testsuite hostname="DBS-1182" name="SentenceListSpec" tests="3" errors="0" failures="1" skipped="0" time="0.321" timestamp="2019-10-29T18:19:13">
                     <properties>
[...]
</properties>
                     <testcase classname="SentenceListSpec" name="Dado um inteiro Deve retornar uma sentença" time="0.223">
                                                 
                                               </testcase><testcase classname="SentenceListSpec" name="Dado um inteiro maior que 0 Deve retornar uma sentença" time="0.0">
                                                 
                                               </testcase><testcase classname="SentenceListSpec" name="Dado um dicionario Deve retornar a lista de palavras das sentenças" time="0.098">
                                                 <failure message="

assert(sentence.sentences() == List(List(&quot;O&quot;, &quot;dinheiro&quot;, &quot;faz&quot;, &quot;homens&quot;, &quot;ricos&quot;, &quot;o&quot;, &quot;conhecimento&quot;, &quot;faz&quot;, &quot;homens&quot;, &quot;s├íbios&quot;, &quot;e&quot;, &quot;a&quot;, &quot;humildade&quot;, &quot;faz&quot;, &quot;grandes&quot;, &quot;homens&quot;), List(&quot;Bons&quot;, &quot;amigos&quot;, &quot;s├úo&quot;, &quot;como&quot;, &quot;estrelas&quot;, &quot;nem&quot;, &quot;sempre&quot;, &quot;podemos&quot;, &quot;ver&quot;, &quot;mas&quot;, &quot;temos&quot;, &quot;certeza&quot;, &quot;que&quot;, &quot;est├úo&quot;, &quot;sempre&quot;, &quot;l├í&quot;), List(&quot;Viva&quot;, &quot;simples&quot;, &quot;sonhe&quot;, &quot;grande&quot;, &quot;seja&quot;, &quot;grato&quot;, &quot;d├¬&quot;, &quot;amor&quot;, &quot;ria&quot;, &quot;muito&quot;), List(&quot;Se&quot;, &quot;for&quot;, &quot;pra&quot;, &quot;desistir&quot;, &quot;desista&quot;, &quot;de&quot;, &quot;ser&quot;, &quot;fraco&quot;)))
       |        |           |  |    |    |    |           |      |         |        |    |               |      |         |          |    |    |            |      |          |          |    |       |         |       |       |           |      |         |          |      |      |        |          |      |         |         |       |    |       |          |        |         |       |        |      |       |      |         |    |     |      |      |           |          |     |      |
       |        |           |  |    |    &quot;O&quot;  &quot;dinheiro&quot;  &quot;faz&quot;  &quot;homens&quot;  &quot;ricos&quot;  &quot;o&quot;  &quot;conhecimento&quot;  &quot;faz&quot;  &quot;homens&quot;  &quot;s├íbios&quot;  &quot;e&quot;  &quot;a&quot;  &quot;humildade&quot;  &quot;faz&quot;  &quot;grandes&quot;  &quot;homens&quot;   |    &quot;Bons&quot;  &quot;amigos&quot;  &quot;s├úo&quot;  &quot;como&quot;  &quot;estrelas&quot;  &quot;nem&quot;  &quot;sempre&quot;  &quot;podemos&quot;  &quot;ver&quot;  &quot;mas&quot;  &quot;temos&quot;  &quot;certeza&quot;  &quot;que&quot;  &quot;est├úo&quot;  &quot;sempre&quot;  &quot;l├í&quot;   |    &quot;Viva&quot;  &quot;simples&quot;  &quot;sonhe&quot;  &quot;grande&quot;  &quot;seja&quot;  &quot;grato&quot;  &quot;d├¬&quot;  &quot;amor&quot;  &quot;ria&quot;  &quot;muito&quot;   |    &quot;Se&quot;  &quot;for&quot;  &quot;pra&quot;  &quot;desistir&quot;  &quot;desista&quot;  &quot;de&quot;  &quot;ser&quot;  &quot;fraco&quot;
       |        |           |  |    List(&quot;O&quot;, &quot;dinheiro&quot;, &quot;faz&quot;, &quot;homens&quot;, &quot;ricos&quot;, &quot;o&quot;, &quot;conhecimento&quot;, &quot;faz&quot;, &quot;homens&quot;, &quot;s├íbios&quot;, &quot;e&quot;, &quot;a&quot;, &quot;humildade&quot;, &quot;faz&quot;, &quot;grandes&quot;, &quot;homens&quot;)  List(&quot;Bons&quot;, &quot;amigos&quot;, &quot;s├úo&quot;, &quot;como&quot;, &quot;estrelas&quot;, &quot;nem&quot;, &quot;sempre&quot;, &quot;podemos&quot;, &quot;ver&quot;, &quot;mas&quot;, &quot;temos&quot;, &quot;certeza&quot;, &quot;que&quot;, &quot;est├úo&quot;, &quot;sempre&quot;, &quot;l├í&quot;)  List(&quot;Viva&quot;, &quot;simples&quot;, &quot;sonhe&quot;, &quot;grande&quot;, &quot;seja&quot;, &quot;grato&quot;, &quot;d├¬&quot;, &quot;amor&quot;, &quot;ria&quot;, &quot;muito&quot;)  List(&quot;Se&quot;, &quot;for&quot;, &quot;pra&quot;, &quot;desistir&quot;, &quot;desista&quot;, &quot;de&quot;, &quot;ser&quot;, &quot;fraco&quot;)
       |        |           |  List(List(&quot;O&quot;, &quot;dinheiro&quot;, &quot;faz&quot;, &quot;homens&quot;, &quot;ricos&quot;, &quot;o&quot;, &quot;conhecimento&quot;, &quot;faz&quot;, &quot;homens&quot;, &quot;s├íbios&quot;, &quot;e&quot;, &quot;a&quot;, &quot;humildade&quot;, &quot;faz&quot;, &quot;grandes&quot;, &quot;homens&quot;), List(&quot;Bons&quot;, &quot;amigos&quot;, &quot;s├úo&quot;, &quot;como&quot;, &quot;estrelas&quot;, &quot;nem&quot;, &quot;sempre&quot;, &quot;podemos&quot;, &quot;ver&quot;, &quot;mas&quot;, &quot;temos&quot;, &quot;certeza&quot;, &quot;que&quot;, &quot;est├úo&quot;, &quot;sempre&quot;, &quot;l├í&quot;), List(&quot;Viva&quot;, &quot;simples&quot;, &quot;sonhe&quot;, &quot;grande&quot;, &quot;seja&quot;, &quot;grato&quot;, &quot;d├¬&quot;, &quot;amor&quot;, &quot;ria&quot;, &quot;muito&quot;), List(&quot;Se&quot;, &quot;for&quot;, &quot;pra&quot;, &quot;desistir&quot;, &quot;desista&quot;, &quot;de&quot;, &quot;ser&quot;, &quot;fraco&quot;))
       |        |           false
       |        &lt;(), the Unit value&gt;
       wordCount.SentenceList@5a43cbd9
" type="org.scalatest.exceptions.TestFailedException">org.scalatest.exceptions.TestFailedException: 

assert(sentence.sentences() == List(List(&quot;O&quot;, &quot;dinheiro&quot;, &quot;faz&quot;, &quot;homens&quot;, &quot;ricos&quot;, &quot;o&quot;, &quot;conhecimento&quot;, &quot;faz&quot;, &quot;homens&quot;, &quot;s├íbios&quot;, &quot;e&quot;, &quot;a&quot;, &quot;humildade&quot;, &quot;faz&quot;, &quot;grandes&quot;, &quot;homens&quot;), List(&quot;Bons&quot;, &quot;amigos&quot;, &quot;s├úo&quot;, &quot;como&quot;, &quot;estrelas&quot;, &quot;nem&quot;, &quot;sempre&quot;, &quot;podemos&quot;, &quot;ver&quot;, &quot;mas&quot;, &quot;temos&quot;, &quot;certeza&quot;, &quot;que&quot;, &quot;est├úo&quot;, &quot;sempre&quot;, &quot;l├í&quot;), List(&quot;Viva&quot;, &quot;simples&quot;, &quot;sonhe&quot;, &quot;grande&quot;, &quot;seja&quot;, &quot;grato&quot;, &quot;d├¬&quot;, &quot;amor&quot;, &quot;ria&quot;, &quot;muito&quot;), List(&quot;Se&quot;, &quot;for&quot;, &quot;pra&quot;, &quot;desistir&quot;, &quot;desista&quot;, &quot;de&quot;, &quot;ser&quot;, &quot;fraco&quot;)))
       |        |           |  |    |    |    |           |      |         |        |    |               |      |         |          |    |    |            |      |          |          |    |       |         |       |       |           |      |         |          |      |      |        |          |      |         |         |       |    |       |          |        |         |       |        |      |       |      |         |    |     |      |      |           |          |     |      |
       |        |           |  |    |    &quot;O&quot;  &quot;dinheiro&quot;  &quot;faz&quot;  &quot;homens&quot;  &quot;ricos&quot;  &quot;o&quot;  &quot;conhecimento&quot;  &quot;faz&quot;  &quot;homens&quot;  &quot;s├íbios&quot;  &quot;e&quot;  &quot;a&quot;  &quot;humildade&quot;  &quot;faz&quot;  &quot;grandes&quot;  &quot;homens&quot;   |    &quot;Bons&quot;  &quot;amigos&quot;  &quot;s├úo&quot;  &quot;como&quot;  &quot;estrelas&quot;  &quot;nem&quot;  &quot;sempre&quot;  &quot;podemos&quot;  &quot;ver&quot;  &quot;mas&quot;  &quot;temos&quot;  &quot;certeza&quot;  &quot;que&quot;  &quot;est├úo&quot;  &quot;sempre&quot;  &quot;l├í&quot;   |    &quot;Viva&quot;  &quot;simples&quot;  &quot;sonhe&quot;  &quot;grande&quot;  &quot;seja&quot;  &quot;grato&quot;  &quot;d├¬&quot;  &quot;amor&quot;  &quot;ria&quot;  &quot;muito&quot;   |    &quot;Se&quot;  &quot;for&quot;  &quot;pra&quot;  &quot;desistir&quot;  &quot;desista&quot;  &quot;de&quot;  &quot;ser&quot;  &quot;fraco&quot;
       |        |           |  |    List(&quot;O&quot;, &quot;dinheiro&quot;, &quot;faz&quot;, &quot;homens&quot;, &quot;ricos&quot;, &quot;o&quot;, &quot;conhecimento&quot;, &quot;faz&quot;, &quot;homens&quot;, &quot;s├íbios&quot;, &quot;e&quot;, &quot;a&quot;, &quot;humildade&quot;, &quot;faz&quot;, &quot;grandes&quot;, &quot;homens&quot;)  List(&quot;Bons&quot;, &quot;amigos&quot;, &quot;s├úo&quot;, &quot;como&quot;, &quot;estrelas&quot;, &quot;nem&quot;, &quot;sempre&quot;, &quot;podemos&quot;, &quot;ver&quot;, &quot;mas&quot;, &quot;temos&quot;, &quot;certeza&quot;, &quot;que&quot;, &quot;est├úo&quot;, &quot;sempre&quot;, &quot;l├í&quot;)  List(&quot;Viva&quot;, &quot;simples&quot;, &quot;sonhe&quot;, &quot;grande&quot;, &quot;seja&quot;, &quot;grato&quot;, &quot;d├¬&quot;, &quot;amor&quot;, &quot;ria&quot;, &quot;muito&quot;)  List(&quot;Se&quot;, &quot;for&quot;, &quot;pra&quot;, &quot;desistir&quot;, &quot;desista&quot;, &quot;de&quot;, &quot;ser&quot;, &quot;fraco&quot;)
       |        |           |  List(List(&quot;O&quot;, &quot;dinheiro&quot;, &quot;faz&quot;, &quot;homens&quot;, &quot;ricos&quot;, &quot;o&quot;, &quot;conhecimento&quot;, &quot;faz&quot;, &quot;homens&quot;, &quot;s├íbios&quot;, &quot;e&quot;, &quot;a&quot;, &quot;humildade&quot;, &quot;faz&quot;, &quot;grandes&quot;, &quot;homens&quot;), List(&quot;Bons&quot;, &quot;amigos&quot;, &quot;s├úo&quot;, &quot;como&quot;, &quot;estrelas&quot;, &quot;nem&quot;, &quot;sempre&quot;, &quot;podemos&quot;, &quot;ver&quot;, &quot;mas&quot;, &quot;temos&quot;, &quot;certeza&quot;, &quot;que&quot;, &quot;est├úo&quot;, &quot;sempre&quot;, &quot;l├í&quot;), List(&quot;Viva&quot;, &quot;simples&quot;, &quot;sonhe&quot;, &quot;grande&quot;, &quot;seja&quot;, &quot;grato&quot;, &quot;d├¬&quot;, &quot;amor&quot;, &quot;ria&quot;, &quot;muito&quot;), List(&quot;Se&quot;, &quot;for&quot;, &quot;pra&quot;, &quot;desistir&quot;, &quot;desista&quot;, &quot;de&quot;, &quot;ser&quot;, &quot;fraco&quot;))
       |        |           false
       |        &lt;(), the Unit value&gt;
       wordCount.SentenceList@5a43cbd9

	at org.scalatest.Assertions.newAssertionFailedException(Assertions.scala:528)
	at org.scalatest.Assertions.newAssertionFailedException$(Assertions.scala:527)
	at org.scalatest.FunSuite.newAssertionFailedException(FunSuite.scala:1560)
	at org.scalatest.DiagrammedAssertions$DiagrammedAssertionsHelper.macroAssert(DiagrammedAssertions.scala:241)
	at SentenceListSpec.$anonfun$new$3(SentenceListSpec.scala:25)
	at org.scalatest.OutcomeOf.outcomeOf(OutcomeOf.scala:85)
	at org.scalatest.OutcomeOf.outcomeOf$(OutcomeOf.scala:83)
	at org.scalatest.OutcomeOf$.outcomeOf(OutcomeOf.scala:104)
	at org.scalatest.Transformer.apply(Transformer.scala:22)
	at org.scalatest.Transformer.apply(Transformer.scala:20)
	at org.scalatest.FunSuiteLike$$anon$1.apply(FunSuiteLike.scala:186)
	at org.scalatest.TestSuite.withFixture(TestSuite.scala:196)
	at org.scalatest.TestSuite.withFixture$(TestSuite.scala:195)
	at org.scalatest.FunSuite.withFixture(FunSuite.scala:1560)
	at org.scalatest.FunSuiteLike.invokeWithFixture$1(FunSuiteLike.scala:184)
	at org.scalatest.FunSuiteLike.$anonfun$runTest$1(FunSuiteLike.scala:196)
	at org.scalatest.SuperEngine.runTestImpl(Engine.scala:289)
	at org.scalatest.FunSuiteLike.runTest(FunSuiteLike.scala:196)
	at org.scalatest.FunSuiteLike.runTest$(FunSuiteLike.scala:178)
	at org.scalatest.FunSuite.runTest(FunSuite.scala:1560)
	at org.scalatest.FunSuiteLike.$anonfun$runTests$1(FunSuiteLike.scala:229)
	at org.scalatest.SuperEngine.$anonfun$runTestsInBranch$1(Engine.scala:396)
	at scala.collection.immutable.List.foreach(List.scala:392)
	at org.scalatest.SuperEngine.traverseSubNodes$1(Engine.scala:384)
	at org.scalatest.SuperEngine.runTestsInBranch(Engine.scala:379)
	at org.scalatest.SuperEngine.runTestsImpl(Engine.scala:461)
	at org.scalatest.FunSuiteLike.runTests(FunSuiteLike.scala:229)
	at org.scalatest.FunSuiteLike.runTests$(FunSuiteLike.scala:228)
	at org.scalatest.FunSuite.runTests(FunSuite.scala:1560)
	at org.scalatest.Suite.run(Suite.scala:1147)
	at org.scalatest.Suite.run$(Suite.scala:1129)
	at org.scalatest.FunSuite.org$scalatest$FunSuiteLike$$super$run(FunSuite.scala:1560)
	at org.scalatest.FunSuiteLike.$anonfun$run$1(FunSuiteLike.scala:233)
	at org.scalatest.SuperEngine.runImpl(Engine.scala:521)
	at org.scalatest.FunSuiteLike.run(FunSuiteLike.scala:233)
	at org.scalatest.FunSuiteLike.run$(FunSuiteLike.scala:232)
	at org.scalatest.FunSuite.run(FunSuite.scala:1560)
	at org.scalatest.tools.Framework.org$scalatest$tools$Framework$$runSuite(Framework.scala:314)
	at org.scalatest.tools.Framework$ScalaTestTask.execute(Framework.scala:507)
	at sbt.TestRunner.runTest$1(TestFramework.scala:139)
	at sbt.TestRunner.run(TestFramework.scala:154)
	at sbt.TestFramework$$anon$3$$anonfun$$lessinit$greater$1.$anonfun$apply$1(TestFramework.scala:317)
	at sbt.TestFramework$.sbt$TestFramework$$withContextLoader(TestFramework.scala:277)
	at sbt.TestFramework$$anon$3$$anonfun$$lessinit$greater$1.apply(TestFramework.scala:317)
	at sbt.TestFramework$$anon$3$$anonfun$$lessinit$greater$1.apply(TestFramework.scala:317)
	at sbt.TestFunction.apply(TestFramework.scala:329)
	at sbt.Tests$.$anonfun$toTask$1(Tests.scala:311)
	at sbt.std.Transform$$anon$3.$anonfun$apply$2(Transform.scala:46)
	at sbt.std.Transform$$anon$4.work(Transform.scala:67)
	at sbt.Execute.$anonfun$submit$2(Execute.scala:281)
	at sbt.internal.util.ErrorHandling$.wideConvert(ErrorHandling.scala:19)
	at sbt.Execute.work(Execute.scala:290)
	at sbt.Execute.$anonfun$submit$1(Execute.scala:281)
	at sbt.ConcurrentRestrictions$$anon$4.$anonfun$submitValid$1(ConcurrentRestrictions.scala:178)
	at sbt.CompletionService$$anon$2.call(CompletionService.scala:37)
	at java.util.concurrent.FutureTask.run(FutureTask.java:266)
	at java.util.concurrent.Executors$RunnableAdapter.call(Executors.java:511)
	at java.util.concurrent.FutureTask.run(FutureTask.java:266)
	at java.util.concurrent.ThreadPoolExecutor.runWorker(ThreadPoolExecutor.java:1149)
	at java.util.concurrent.ThreadPoolExecutor$Worker.run(ThreadPoolExecutor.java:624)
	at java.lang.Thread.run(Thread.java:748)
</failure>
                                               </testcase>
                     <system-out><![CDATA[]]></system-out>
                     <system-err><![CDATA[]]></system-err>
                   </testsuite>