<?xml version='1.0' encoding='UTF-8'?>
<testsuite hostname="DBS-1182" name="SentenceListSpec" tests="2" errors="0" failures="0" skipped="0" time="0.246" timestamp="2019-10-28T11:57:04">
                     <properties>
[...]
</properties>
                     <testcase classname="SentenceListSpec" name="Dado um inteiro Deve retornar uma sentença" time="0.245">
                                                 
                                               </testcase><testcase classname="SentenceListSpec" name="Dado um inteiro maior que 0 Deve retornar uma sentença" time="0.001">
                                                 
                                               </testcase>
                     <system-out><![CDATA[]]></system-out>
                     <system-err><![CDATA[]]></system-err>
                   </testsuite>